0 info it worked if it ends with ok
1 verbose cli [ 'C:\\Program Files\\nodejs\\node.exe',
1 verbose cli   'C:\\Program Files\\nodejs\\node_modules\\npm\\bin\\npm-cli.js',
1 verbose cli   'run',
1 verbose cli   'try' ]
2 info using npm@3.10.10
3 info using node@v6.11.0
4 verbose run-script [ 'pretry', 'try', 'posttry' ]
5 info lifecycle hivemind@1.0.0~pretry: hivemind@1.0.0
6 silly lifecycle hivemind@1.0.0~pretry: no script for pretry, continuing
7 info lifecycle hivemind@1.0.0~try: hivemind@1.0.0
8 verbose lifecycle hivemind@1.0.0~try: unsafe-perm in lifecycle true
9 verbose lifecycle hivemind@1.0.0~try: PATH: C:\Program Files\nodejs\node_modules\npm\bin\node-gyp-bin;C:\Users\Jakob\Desktop\Uni\Games of Life\SwarmMind-Server\node_modules\.bin;C:\WINDOWS\system32;C:\WINDOWS;C:\WINDOWS\System32\Wbem;C:\WINDOWS\System32\WindowsPowerShell\v1.0\;C:\Program Files (x86)\NVIDIA Corporation\PhysX\Common;C:\Program Files\Git\cmd;C:\Program Files\nodejs\;C:\Program Files\Microsoft SQL Server\130\Tools\Binn\;C:\Program Files\CMake\bin;C:\Program Files\MiKTeX 2.9\miktex\bin\x64\;C:\WINDOWS\system32;C:\WINDOWS;C:\WINDOWS\System32\Wbem;C:\WINDOWS\System32\WindowsPowerShell\v1.0\;C:\ProgramData\ComposerSetup\bin;C:\Program Files\Crucial\Crucial Storage Executive;C:\Users\Jakob\AppData\Local\Microsoft\WindowsApps;C:\Users\Jakob\AppData\Roaming\npm;C:\xampp\php;C:\Program Files\Microsoft VS Code\bin;C:\Users\Jakob\AppData\Roaming\Composer\vendor\bin
10 verbose lifecycle hivemind@1.0.0~try: CWD: C:\Users\Jakob\Desktop\Uni\Games of Life\SwarmMind-Server
11 silly lifecycle hivemind@1.0.0~try: Args: [ '/d /s /c', 'npm run build && npm run start' ]
12 silly lifecycle hivemind@1.0.0~try: Returned: code: 1  signal: null
13 info lifecycle hivemind@1.0.0~try: Failed to exec try script
14 verbose stack Error: hivemind@1.0.0 try: `npm run build && npm run start`
14 verbose stack Exit status 1
14 verbose stack     at EventEmitter.<anonymous> (C:\Program Files\nodejs\node_modules\npm\lib\utils\lifecycle.js:255:16)
14 verbose stack     at emitTwo (events.js:106:13)
14 verbose stack     at EventEmitter.emit (events.js:191:7)
14 verbose stack     at ChildProcess.<anonymous> (C:\Program Files\nodejs\node_modules\npm\lib\utils\spawn.js:40:14)
14 verbose stack     at emitTwo (events.js:106:13)
14 verbose stack     at ChildProcess.emit (events.js:191:7)
14 verbose stack     at maybeClose (internal/child_process.js:891:16)
14 verbose stack     at Process.ChildProcess._handle.onexit (internal/child_process.js:226:5)
15 verbose pkgid hivemind@1.0.0
16 verbose cwd C:\Users\Jakob\Desktop\Uni\Games of Life\SwarmMind-Server
17 error Windows_NT 10.0.16299
18 error argv "C:\\Program Files\\nodejs\\node.exe" "C:\\Program Files\\nodejs\\node_modules\\npm\\bin\\npm-cli.js" "run" "try"
19 error node v6.11.0
20 error npm  v3.10.10
21 error code ELIFECYCLE
22 error hivemind@1.0.0 try: `npm run build && npm run start`
22 error Exit status 1
23 error Failed at the hivemind@1.0.0 try script 'npm run build && npm run start'.
23 error Make sure you have the latest version of node.js and npm installed.
23 error If you do, this is most likely a problem with the hivemind package,
23 error not with npm itself.
23 error Tell the author that this fails on your system:
23 error     npm run build && npm run start
23 error You can get information on how to open an issue for this project with:
23 error     npm bugs hivemind
23 error Or if that isn't available, you can get their info via:
23 error     npm owner ls hivemind
23 error There is likely additional logging output above.
24 verbose exit [ 1, true ]
